22-May-2021 13:07:46.967 INFO [main] org.apache.catalina.startup.VersionLoggerListener.log Server version name:   Apache Tomcat/9.0.46
22-May-2021 13:07:46.971 INFO [main] org.apache.catalina.startup.VersionLoggerListener.log Server built:          May 8 2021 17:35:52 UTC
22-May-2021 13:07:46.971 INFO [main] org.apache.catalina.startup.VersionLoggerListener.log Server version number: 9.0.46.0
22-May-2021 13:07:46.972 INFO [main] org.apache.catalina.startup.VersionLoggerListener.log OS Name:               Linux
22-May-2021 13:07:46.972 INFO [main] org.apache.catalina.startup.VersionLoggerListener.log OS Version:            4.15.0-141-generic
22-May-2021 13:07:46.972 INFO [main] org.apache.catalina.startup.VersionLoggerListener.log Architecture:          amd64
22-May-2021 13:07:46.972 INFO [main] org.apache.catalina.startup.VersionLoggerListener.log Java Home:             /usr/lib/jvm/jdk1.8.0_281/jre
22-May-2021 13:07:46.972 INFO [main] org.apache.catalina.startup.VersionLoggerListener.log JVM Version:           1.8.0_281-b09
22-May-2021 13:07:46.972 INFO [main] org.apache.catalina.startup.VersionLoggerListener.log JVM Vendor:            Oracle Corporation
22-May-2021 13:07:46.972 INFO [main] org.apache.catalina.startup.VersionLoggerListener.log CATALINA_BASE:         /opt/apache-tomcat-9.0.46
22-May-2021 13:07:46.972 INFO [main] org.apache.catalina.startup.VersionLoggerListener.log CATALINA_HOME:         /opt/apache-tomcat-9.0.46
22-May-2021 13:07:46.976 INFO [main] org.apache.catalina.startup.VersionLoggerListener.log Command line argument: -Djava.util.logging.config.file=/opt/tomcat/conf/logging.properties
22-May-2021 13:07:46.976 INFO [main] org.apache.catalina.startup.VersionLoggerListener.log Command line argument: -Djava.util.logging.manager=org.apache.juli.ClassLoaderLogManager
22-May-2021 13:07:46.976 INFO [main] org.apache.catalina.startup.VersionLoggerListener.log Command line argument: -Djdk.tls.ephemeralDHKeySize=2048
22-May-2021 13:07:46.976 INFO [main] org.apache.catalina.startup.VersionLoggerListener.log Command line argument: -Djava.protocol.handler.pkgs=org.apache.catalina.webresources
22-May-2021 13:07:46.976 INFO [main] org.apache.catalina.startup.VersionLoggerListener.log Command line argument: -Dorg.apache.catalina.security.SecurityListener.UMASK=0027
22-May-2021 13:07:46.977 INFO [main] org.apache.catalina.startup.VersionLoggerListener.log Command line argument: -Dignore.endorsed.dirs=
22-May-2021 13:07:46.977 INFO [main] org.apache.catalina.startup.VersionLoggerListener.log Command line argument: -Dcatalina.base=/opt/tomcat
22-May-2021 13:07:46.977 INFO [main] org.apache.catalina.startup.VersionLoggerListener.log Command line argument: -Dcatalina.home=/opt/tomcat
22-May-2021 13:07:46.977 INFO [main] org.apache.catalina.startup.VersionLoggerListener.log Command line argument: -Djava.io.tmpdir=/opt/tomcat/temp
22-May-2021 13:07:46.986 INFO [main] org.apache.catalina.core.AprLifecycleListener.lifecycleEvent The Apache Tomcat Native library which allows using OpenSSL was not found on the java.library.path: [/usr/java/packages/lib/amd64:/usr/lib64:/lib64:/lib:/usr/lib]
22-May-2021 13:07:48.053 INFO [main] org.apache.coyote.AbstractProtocol.init Initializing ProtocolHandler ["http-nio-8080"]
22-May-2021 13:07:48.132 INFO [main] org.apache.catalina.startup.Catalina.load Server initialization in [1633] milliseconds
22-May-2021 13:07:48.191 INFO [main] org.apache.catalina.core.StandardService.startInternal Starting service [Catalina]
22-May-2021 13:07:48.192 INFO [main] org.apache.catalina.core.StandardEngine.startInternal Starting Servlet engine: [Apache Tomcat/9.0.46]
22-May-2021 13:07:48.223 INFO [main] org.apache.catalina.startup.HostConfig.deployDirectory Deploying web application directory [/opt/apache-tomcat-9.0.46/webapps/host-manager]
22-May-2021 13:07:48.867 INFO [main] org.apache.catalina.startup.HostConfig.deployDirectory Deployment of web application directory [/opt/apache-tomcat-9.0.46/webapps/host-manager] has finished in [643] ms
22-May-2021 13:07:48.874 INFO [main] org.apache.catalina.startup.HostConfig.deployDirectory Deploying web application directory [/opt/apache-tomcat-9.0.46/webapps/manager]
22-May-2021 13:07:48.960 INFO [main] org.apache.catalina.startup.HostConfig.deployDirectory Deployment of web application directory [/opt/apache-tomcat-9.0.46/webapps/manager] has finished in [84] ms
22-May-2021 13:07:48.960 INFO [main] org.apache.catalina.startup.HostConfig.deployDirectory Deploying web application directory [/opt/apache-tomcat-9.0.46/webapps/docs]
22-May-2021 13:07:49.021 INFO [main] org.apache.catalina.startup.HostConfig.deployDirectory Deployment of web application directory [/opt/apache-tomcat-9.0.46/webapps/docs] has finished in [61] ms
22-May-2021 13:07:49.022 INFO [main] org.apache.catalina.startup.HostConfig.deployDirectory Deploying web application directory [/opt/apache-tomcat-9.0.46/webapps/examples]
22-May-2021 13:07:49.679 INFO [main] org.apache.catalina.startup.HostConfig.deployDirectory Deployment of web application directory [/opt/apache-tomcat-9.0.46/webapps/examples] has finished in [658] ms
22-May-2021 13:07:49.680 INFO [main] org.apache.catalina.startup.HostConfig.deployDirectory Deploying web application directory [/opt/apache-tomcat-9.0.46/webapps/ROOT]
22-May-2021 13:07:49.719 INFO [main] org.apache.catalina.startup.HostConfig.deployDirectory Deployment of web application directory [/opt/apache-tomcat-9.0.46/webapps/ROOT] has finished in [39] ms
22-May-2021 13:07:49.733 INFO [main] org.apache.coyote.AbstractProtocol.start Starting ProtocolHandler ["http-nio-8080"]
22-May-2021 13:07:49.778 INFO [main] org.apache.catalina.startup.Catalina.start Server startup in [1646] milliseconds
22-May-2021 13:09:30.291 INFO [Catalina-utility-2] org.apache.catalina.startup.HostConfig.undeploy Undeploying context []
22-May-2021 13:09:30.829 INFO [Catalina-utility-2] org.apache.catalina.startup.HostConfig.undeploy Undeploying context [/examples]
22-May-2021 13:09:31.356 INFO [Catalina-utility-2] org.apache.catalina.startup.HostConfig.undeploy Undeploying context [/host-manager]
22-May-2021 13:09:31.870 INFO [Catalina-utility-2] org.apache.catalina.startup.HostConfig.undeploy Undeploying context [/manager]
22-May-2021 13:09:32.382 INFO [Catalina-utility-2] org.apache.catalina.startup.HostConfig.undeploy Undeploying context [/docs]
22-May-2021 13:10:02.398 INFO [Catalina-utility-1] org.apache.catalina.startup.HostConfig.deployDirectory Deploying web application directory [/opt/apache-tomcat-9.0.46/webapps/index]
22-May-2021 13:10:02.468 INFO [Catalina-utility-1] org.apache.catalina.startup.HostConfig.deployDirectory Deployment of web application directory [/opt/apache-tomcat-9.0.46/webapps/index] has finished in [71] ms
22-May-2021 13:10:32.981 INFO [Catalina-utility-2] org.apache.catalina.startup.HostConfig.undeploy Undeploying context [/index]
22-May-2021 13:10:33.008 INFO [Catalina-utility-2] org.apache.catalina.startup.HostConfig.deployDirectory Deploying web application directory [/opt/apache-tomcat-9.0.46/webapps/ROOT]
22-May-2021 13:10:33.060 INFO [Catalina-utility-2] org.apache.catalina.startup.HostConfig.deployDirectory Deployment of web application directory [/opt/apache-tomcat-9.0.46/webapps/ROOT] has finished in [52] ms
22-May-2021 13:25:03.071 INFO [main] org.apache.catalina.core.StandardServer.await A valid shutdown command was received via the shutdown port. Stopping the Server instance.
22-May-2021 13:25:03.076 INFO [main] org.apache.coyote.AbstractProtocol.pause Pausing ProtocolHandler ["http-nio-8080"]
22-May-2021 13:25:03.093 INFO [main] org.apache.catalina.core.StandardService.stopInternal Stopping service [Catalina]
22-May-2021 13:25:03.117 INFO [main] org.apache.coyote.AbstractProtocol.stop Stopping ProtocolHandler ["http-nio-8080"]
22-May-2021 13:25:03.149 INFO [main] org.apache.coyote.AbstractProtocol.destroy Destroying ProtocolHandler ["http-nio-8080"]
22-May-2021 13:25:29.965 INFO [main] org.apache.catalina.startup.VersionLoggerListener.log Server version name:   Apache Tomcat/9.0.46
22-May-2021 13:25:29.970 INFO [main] org.apache.catalina.startup.VersionLoggerListener.log Server built:          May 8 2021 17:35:52 UTC
22-May-2021 13:25:29.970 INFO [main] org.apache.catalina.startup.VersionLoggerListener.log Server version number: 9.0.46.0
22-May-2021 13:25:29.970 INFO [main] org.apache.catalina.startup.VersionLoggerListener.log OS Name:               Linux
22-May-2021 13:25:29.970 INFO [main] org.apache.catalina.startup.VersionLoggerListener.log OS Version:            4.15.0-141-generic
22-May-2021 13:25:29.970 INFO [main] org.apache.catalina.startup.VersionLoggerListener.log Architecture:          amd64
22-May-2021 13:25:29.970 INFO [main] org.apache.catalina.startup.VersionLoggerListener.log Java Home:             /usr/lib/jvm/jdk1.8.0_281/jre
22-May-2021 13:25:29.971 INFO [main] org.apache.catalina.startup.VersionLoggerListener.log JVM Version:           1.8.0_281-b09
22-May-2021 13:25:29.971 INFO [main] org.apache.catalina.startup.VersionLoggerListener.log JVM Vendor:            Oracle Corporation
22-May-2021 13:25:29.971 INFO [main] org.apache.catalina.startup.VersionLoggerListener.log CATALINA_BASE:         /opt/apache-tomcat-9.0.46
22-May-2021 13:25:29.971 INFO [main] org.apache.catalina.startup.VersionLoggerListener.log CATALINA_HOME:         /opt/apache-tomcat-9.0.46
22-May-2021 13:25:29.975 INFO [main] org.apache.catalina.startup.VersionLoggerListener.log Command line argument: -Djava.util.logging.config.file=/opt/tomcat/conf/logging.properties
22-May-2021 13:25:29.975 INFO [main] org.apache.catalina.startup.VersionLoggerListener.log Command line argument: -Djava.util.logging.manager=org.apache.juli.ClassLoaderLogManager
22-May-2021 13:25:29.975 INFO [main] org.apache.catalina.startup.VersionLoggerListener.log Command line argument: -Djdk.tls.ephemeralDHKeySize=2048
22-May-2021 13:25:29.975 INFO [main] org.apache.catalina.startup.VersionLoggerListener.log Command line argument: -Djava.protocol.handler.pkgs=org.apache.catalina.webresources
22-May-2021 13:25:29.975 INFO [main] org.apache.catalina.startup.VersionLoggerListener.log Command line argument: -Dorg.apache.catalina.security.SecurityListener.UMASK=0027
22-May-2021 13:25:29.975 INFO [main] org.apache.catalina.startup.VersionLoggerListener.log Command line argument: -Dignore.endorsed.dirs=
22-May-2021 13:25:29.976 INFO [main] org.apache.catalina.startup.VersionLoggerListener.log Command line argument: -Dcatalina.base=/opt/tomcat
22-May-2021 13:25:29.976 INFO [main] org.apache.catalina.startup.VersionLoggerListener.log Command line argument: -Dcatalina.home=/opt/tomcat
22-May-2021 13:25:29.976 INFO [main] org.apache.catalina.startup.VersionLoggerListener.log Command line argument: -Djava.io.tmpdir=/opt/tomcat/temp
22-May-2021 13:25:29.981 INFO [main] org.apache.catalina.core.AprLifecycleListener.lifecycleEvent The Apache Tomcat Native library which allows using OpenSSL was not found on the java.library.path: [/usr/java/packages/lib/amd64:/usr/lib64:/lib64:/lib:/usr/lib]
22-May-2021 13:25:31.031 INFO [main] org.apache.coyote.AbstractProtocol.init Initializing ProtocolHandler ["http-nio-8080"]
22-May-2021 13:25:31.105 INFO [main] org.apache.catalina.startup.Catalina.load Server initialization in [1598] milliseconds
22-May-2021 13:25:31.167 INFO [main] org.apache.catalina.core.StandardService.startInternal Starting service [Catalina]
22-May-2021 13:25:31.171 INFO [main] org.apache.catalina.core.StandardEngine.startInternal Starting Servlet engine: [Apache Tomcat/9.0.46]
22-May-2021 13:25:31.195 INFO [main] org.apache.catalina.startup.HostConfig.deployDirectory Deploying web application directory [/opt/apache-tomcat-9.0.46/webapps/ROOT]
22-May-2021 13:25:31.822 INFO [main] org.apache.catalina.startup.HostConfig.deployDirectory Deployment of web application directory [/opt/apache-tomcat-9.0.46/webapps/ROOT] has finished in [626] ms
22-May-2021 13:25:31.836 INFO [main] org.apache.coyote.AbstractProtocol.start Starting ProtocolHandler ["http-nio-8080"]
22-May-2021 13:25:31.884 INFO [main] org.apache.catalina.startup.Catalina.start Server startup in [777] milliseconds
22-May-2021 13:26:14.665 INFO [main] org.apache.catalina.core.StandardServer.await A valid shutdown command was received via the shutdown port. Stopping the Server instance.
22-May-2021 13:26:14.682 INFO [main] org.apache.coyote.AbstractProtocol.pause Pausing ProtocolHandler ["http-nio-8080"]
22-May-2021 13:26:14.703 INFO [main] org.apache.catalina.core.StandardService.stopInternal Stopping service [Catalina]
22-May-2021 13:26:14.747 INFO [main] org.apache.coyote.AbstractProtocol.stop Stopping ProtocolHandler ["http-nio-8080"]
22-May-2021 13:26:14.801 INFO [main] org.apache.coyote.AbstractProtocol.destroy Destroying ProtocolHandler ["http-nio-8080"]
22-May-2021 13:26:18.389 INFO [main] org.apache.catalina.startup.VersionLoggerListener.log Server version name:   Apache Tomcat/9.0.46
22-May-2021 13:26:18.395 INFO [main] org.apache.catalina.startup.VersionLoggerListener.log Server built:          May 8 2021 17:35:52 UTC
22-May-2021 13:26:18.395 INFO [main] org.apache.catalina.startup.VersionLoggerListener.log Server version number: 9.0.46.0
22-May-2021 13:26:18.395 INFO [main] org.apache.catalina.startup.VersionLoggerListener.log OS Name:               Linux
22-May-2021 13:26:18.395 INFO [main] org.apache.catalina.startup.VersionLoggerListener.log OS Version:            4.15.0-141-generic
22-May-2021 13:26:18.395 INFO [main] org.apache.catalina.startup.VersionLoggerListener.log Architecture:          amd64
22-May-2021 13:26:18.395 INFO [main] org.apache.catalina.startup.VersionLoggerListener.log Java Home:             /usr/lib/jvm/jdk1.8.0_281/jre
22-May-2021 13:26:18.395 INFO [main] org.apache.catalina.startup.VersionLoggerListener.log JVM Version:           1.8.0_281-b09
22-May-2021 13:26:18.395 INFO [main] org.apache.catalina.startup.VersionLoggerListener.log JVM Vendor:            Oracle Corporation
22-May-2021 13:26:18.396 INFO [main] org.apache.catalina.startup.VersionLoggerListener.log CATALINA_BASE:         /opt/apache-tomcat-9.0.46
22-May-2021 13:26:18.396 INFO [main] org.apache.catalina.startup.VersionLoggerListener.log CATALINA_HOME:         /opt/apache-tomcat-9.0.46
22-May-2021 13:26:18.396 INFO [main] org.apache.catalina.startup.VersionLoggerListener.log Command line argument: -Djava.util.logging.config.file=/opt/tomcat/conf/logging.properties
22-May-2021 13:26:18.400 INFO [main] org.apache.catalina.startup.VersionLoggerListener.log Command line argument: -Djava.util.logging.manager=org.apache.juli.ClassLoaderLogManager
22-May-2021 13:26:18.400 INFO [main] org.apache.catalina.startup.VersionLoggerListener.log Command line argument: -Djdk.tls.ephemeralDHKeySize=2048
22-May-2021 13:26:18.400 INFO [main] org.apache.catalina.startup.VersionLoggerListener.log Command line argument: -Djava.protocol.handler.pkgs=org.apache.catalina.webresources
22-May-2021 13:26:18.400 INFO [main] org.apache.catalina.startup.VersionLoggerListener.log Command line argument: -Dorg.apache.catalina.security.SecurityListener.UMASK=0027
22-May-2021 13:26:18.400 INFO [main] org.apache.catalina.startup.VersionLoggerListener.log Command line argument: -Dignore.endorsed.dirs=
22-May-2021 13:26:18.400 INFO [main] org.apache.catalina.startup.VersionLoggerListener.log Command line argument: -Dcatalina.base=/opt/tomcat
22-May-2021 13:26:18.400 INFO [main] org.apache.catalina.startup.VersionLoggerListener.log Command line argument: -Dcatalina.home=/opt/tomcat
22-May-2021 13:26:18.402 INFO [main] org.apache.catalina.startup.VersionLoggerListener.log Command line argument: -Djava.io.tmpdir=/opt/tomcat/temp
22-May-2021 13:26:18.406 INFO [main] org.apache.catalina.core.AprLifecycleListener.lifecycleEvent The Apache Tomcat Native library which allows using OpenSSL was not found on the java.library.path: [/usr/java/packages/lib/amd64:/usr/lib64:/lib64:/lib:/usr/lib]
22-May-2021 13:26:19.439 INFO [main] org.apache.coyote.AbstractProtocol.init Initializing ProtocolHandler ["http-nio-8080"]
22-May-2021 13:26:19.518 INFO [main] org.apache.catalina.startup.Catalina.load Server initialization in [1571] milliseconds
22-May-2021 13:26:19.583 INFO [main] org.apache.catalina.core.StandardService.startInternal Starting service [Catalina]
22-May-2021 13:26:19.583 INFO [main] org.apache.catalina.core.StandardEngine.startInternal Starting Servlet engine: [Apache Tomcat/9.0.46]
22-May-2021 13:26:19.604 INFO [main] org.apache.catalina.startup.HostConfig.deployDirectory Deploying web application directory [/opt/apache-tomcat-9.0.46/webapps/ROOT]
22-May-2021 13:26:20.316 INFO [main] org.apache.catalina.startup.HostConfig.deployDirectory Deployment of web application directory [/opt/apache-tomcat-9.0.46/webapps/ROOT] has finished in [711] ms
22-May-2021 13:26:20.324 INFO [main] org.apache.coyote.AbstractProtocol.start Starting ProtocolHandler ["http-nio-8080"]
22-May-2021 13:26:20.386 INFO [main] org.apache.catalina.startup.Catalina.start Server startup in [863] milliseconds
22-May-2021 13:35:02.178 INFO [main] org.apache.catalina.startup.VersionLoggerListener.log Server version name:   Apache Tomcat/9.0.46
22-May-2021 13:35:02.183 INFO [main] org.apache.catalina.startup.VersionLoggerListener.log Server built:          May 8 2021 17:35:52 UTC
22-May-2021 13:35:02.183 INFO [main] org.apache.catalina.startup.VersionLoggerListener.log Server version number: 9.0.46.0
22-May-2021 13:35:02.183 INFO [main] org.apache.catalina.startup.VersionLoggerListener.log OS Name:               Linux
22-May-2021 13:35:02.183 INFO [main] org.apache.catalina.startup.VersionLoggerListener.log OS Version:            4.15.0-141-generic
22-May-2021 13:35:02.184 INFO [main] org.apache.catalina.startup.VersionLoggerListener.log Architecture:          amd64
22-May-2021 13:35:02.184 INFO [main] org.apache.catalina.startup.VersionLoggerListener.log Java Home:             /usr/lib/jvm/jdk1.8.0_281/jre
22-May-2021 13:35:02.184 INFO [main] org.apache.catalina.startup.VersionLoggerListener.log JVM Version:           1.8.0_281-b09
22-May-2021 13:35:02.184 INFO [main] org.apache.catalina.startup.VersionLoggerListener.log JVM Vendor:            Oracle Corporation
22-May-2021 13:35:02.184 INFO [main] org.apache.catalina.startup.VersionLoggerListener.log CATALINA_BASE:         /opt/apache-tomcat-9.0.46
22-May-2021 13:35:02.184 INFO [main] org.apache.catalina.startup.VersionLoggerListener.log CATALINA_HOME:         /opt/apache-tomcat-9.0.46
22-May-2021 13:35:02.195 INFO [main] org.apache.catalina.startup.VersionLoggerListener.log Command line argument: -Djava.util.logging.config.file=/opt/tomcat/conf/logging.properties
22-May-2021 13:35:02.195 INFO [main] org.apache.catalina.startup.VersionLoggerListener.log Command line argument: -Djava.util.logging.manager=org.apache.juli.ClassLoaderLogManager
22-May-2021 13:35:02.195 INFO [main] org.apache.catalina.startup.VersionLoggerListener.log Command line argument: -Djdk.tls.ephemeralDHKeySize=2048
22-May-2021 13:35:02.195 INFO [main] org.apache.catalina.startup.VersionLoggerListener.log Command line argument: -Djava.protocol.handler.pkgs=org.apache.catalina.webresources
22-May-2021 13:35:02.195 INFO [main] org.apache.catalina.startup.VersionLoggerListener.log Command line argument: -Dorg.apache.catalina.security.SecurityListener.UMASK=0027
22-May-2021 13:35:02.196 INFO [main] org.apache.catalina.startup.VersionLoggerListener.log Command line argument: -Dignore.endorsed.dirs=
22-May-2021 13:35:02.196 INFO [main] org.apache.catalina.startup.VersionLoggerListener.log Command line argument: -Dcatalina.base=/opt/tomcat
22-May-2021 13:35:02.196 INFO [main] org.apache.catalina.startup.VersionLoggerListener.log Command line argument: -Dcatalina.home=/opt/tomcat
22-May-2021 13:35:02.196 INFO [main] org.apache.catalina.startup.VersionLoggerListener.log Command line argument: -Djava.io.tmpdir=/opt/tomcat/temp
22-May-2021 13:35:02.197 INFO [main] org.apache.catalina.core.AprLifecycleListener.lifecycleEvent The Apache Tomcat Native library which allows using OpenSSL was not found on the java.library.path: [/usr/java/packages/lib/amd64:/usr/lib64:/lib64:/lib:/usr/lib]
22-May-2021 13:35:03.768 INFO [main] org.apache.coyote.AbstractProtocol.init Initializing ProtocolHandler ["http-nio-8080"]
22-May-2021 13:35:03.822 SEVERE [main] org.apache.catalina.util.LifecycleBase.handleSubClassException Failed to initialize component [Connector[HTTP/1.1-8080]]
	org.apache.catalina.LifecycleException: Protocol handler initialization failed
		at org.apache.catalina.connector.Connector.initInternal(Connector.java:1049)
		at org.apache.catalina.util.LifecycleBase.init(LifecycleBase.java:136)
		at org.apache.catalina.core.StandardService.initInternal(StandardService.java:556)
		at org.apache.catalina.util.LifecycleBase.init(LifecycleBase.java:136)
		at org.apache.catalina.core.StandardServer.initInternal(StandardServer.java:1045)
		at org.apache.catalina.util.LifecycleBase.init(LifecycleBase.java:136)
		at org.apache.catalina.startup.Catalina.load(Catalina.java:724)
		at org.apache.catalina.startup.Catalina.load(Catalina.java:746)
		at sun.reflect.NativeMethodAccessorImpl.invoke0(Native Method)
		at sun.reflect.NativeMethodAccessorImpl.invoke(NativeMethodAccessorImpl.java:62)
		at sun.reflect.DelegatingMethodAccessorImpl.invoke(DelegatingMethodAccessorImpl.java:43)
		at java.lang.reflect.Method.invoke(Method.java:498)
		at org.apache.catalina.startup.Bootstrap.load(Bootstrap.java:302)
		at org.apache.catalina.startup.Bootstrap.main(Bootstrap.java:472)
	Caused by: java.net.BindException: Address already in use
		at sun.nio.ch.Net.bind0(Native Method)
		at sun.nio.ch.Net.bind(Net.java:444)
		at sun.nio.ch.Net.bind(Net.java:436)
		at sun.nio.ch.ServerSocketChannelImpl.bind(ServerSocketChannelImpl.java:225)
		at org.apache.tomcat.util.net.NioEndpoint.initServerSocket(NioEndpoint.java:300)
		at org.apache.tomcat.util.net.NioEndpoint.bind(NioEndpoint.java:253)
		at org.apache.tomcat.util.net.AbstractEndpoint.bindWithCleanup(AbstractEndpoint.java:1204)
		at org.apache.tomcat.util.net.AbstractEndpoint.init(AbstractEndpoint.java:1217)
		at org.apache.coyote.AbstractProtocol.init(AbstractProtocol.java:603)
		at org.apache.coyote.http11.AbstractHttp11Protocol.init(AbstractHttp11Protocol.java:80)
		at org.apache.catalina.connector.Connector.initInternal(Connector.java:1046)
		... 13 more
22-May-2021 13:35:03.834 INFO [main] org.apache.catalina.startup.Catalina.load Server initialization in [2404] milliseconds
22-May-2021 13:35:03.922 INFO [main] org.apache.catalina.core.StandardService.startInternal Starting service [Catalina]
22-May-2021 13:35:03.923 INFO [main] org.apache.catalina.core.StandardEngine.startInternal Starting Servlet engine: [Apache Tomcat/9.0.46]
22-May-2021 13:35:03.963 INFO [main] org.apache.catalina.startup.HostConfig.deployDirectory Deploying web application directory [/opt/apache-tomcat-9.0.46/webapps/ROOT]
22-May-2021 13:35:05.025 INFO [main] org.apache.catalina.startup.HostConfig.deployDirectory Deployment of web application directory [/opt/apache-tomcat-9.0.46/webapps/ROOT] has finished in [1,062] ms
22-May-2021 13:35:05.059 INFO [main] org.apache.catalina.startup.Catalina.start Server startup in [1224] milliseconds
22-May-2021 13:35:05.072 SEVERE [main] org.apache.catalina.core.StandardServer.await Failed to create server shutdown socket on address [localhost] and port [8005] (base port [8005] and offset [0])
	java.net.BindException: Address already in use (Bind failed)
		at java.net.PlainSocketImpl.socketBind(Native Method)
		at java.net.AbstractPlainSocketImpl.bind(AbstractPlainSocketImpl.java:513)
		at java.net.ServerSocket.bind(ServerSocket.java:375)
		at java.net.ServerSocket.<init>(ServerSocket.java:237)
		at org.apache.catalina.core.StandardServer.await(StandardServer.java:584)
		at org.apache.catalina.startup.Catalina.await(Catalina.java:864)
		at org.apache.catalina.startup.Catalina.start(Catalina.java:810)
		at sun.reflect.NativeMethodAccessorImpl.invoke0(Native Method)
		at sun.reflect.NativeMethodAccessorImpl.invoke(NativeMethodAccessorImpl.java:62)
		at sun.reflect.DelegatingMethodAccessorImpl.invoke(DelegatingMethodAccessorImpl.java:43)
		at java.lang.reflect.Method.invoke(Method.java:498)
		at org.apache.catalina.startup.Bootstrap.start(Bootstrap.java:342)
		at org.apache.catalina.startup.Bootstrap.main(Bootstrap.java:473)
22-May-2021 13:35:05.080 INFO [main] org.apache.coyote.AbstractProtocol.pause Pausing ProtocolHandler ["http-nio-8080"]
22-May-2021 13:35:05.083 INFO [main] org.apache.catalina.core.StandardService.stopInternal Stopping service [Catalina]
22-May-2021 13:35:05.120 INFO [main] org.apache.coyote.AbstractProtocol.stop Stopping ProtocolHandler ["http-nio-8080"]
22-May-2021 13:35:05.131 INFO [main] org.apache.coyote.AbstractProtocol.destroy Destroying ProtocolHandler ["http-nio-8080"]
22-May-2021 13:41:23.808 INFO [main] org.apache.catalina.core.StandardServer.await A valid shutdown command was received via the shutdown port. Stopping the Server instance.
22-May-2021 13:41:23.812 INFO [main] org.apache.coyote.AbstractProtocol.pause Pausing ProtocolHandler ["http-nio-8080"]
22-May-2021 13:41:23.824 INFO [main] org.apache.catalina.core.StandardService.stopInternal Stopping service [Catalina]
22-May-2021 13:41:23.863 INFO [main] org.apache.coyote.AbstractProtocol.stop Stopping ProtocolHandler ["http-nio-8080"]
22-May-2021 13:41:23.873 INFO [main] org.apache.coyote.AbstractProtocol.destroy Destroying ProtocolHandler ["http-nio-8080"]
22-May-2021 13:41:32.206 INFO [main] org.apache.catalina.startup.VersionLoggerListener.log Server version name:   Apache Tomcat/9.0.46
22-May-2021 13:41:32.215 INFO [main] org.apache.catalina.startup.VersionLoggerListener.log Server built:          May 8 2021 17:35:52 UTC
22-May-2021 13:41:32.215 INFO [main] org.apache.catalina.startup.VersionLoggerListener.log Server version number: 9.0.46.0
22-May-2021 13:41:32.215 INFO [main] org.apache.catalina.startup.VersionLoggerListener.log OS Name:               Linux
22-May-2021 13:41:32.215 INFO [main] org.apache.catalina.startup.VersionLoggerListener.log OS Version:            4.15.0-141-generic
22-May-2021 13:41:32.215 INFO [main] org.apache.catalina.startup.VersionLoggerListener.log Architecture:          amd64
22-May-2021 13:41:32.215 INFO [main] org.apache.catalina.startup.VersionLoggerListener.log Java Home:             /usr/lib/jvm/jdk1.8.0_281/jre
22-May-2021 13:41:32.215 INFO [main] org.apache.catalina.startup.VersionLoggerListener.log JVM Version:           1.8.0_281-b09
22-May-2021 13:41:32.216 INFO [main] org.apache.catalina.startup.VersionLoggerListener.log JVM Vendor:            Oracle Corporation
22-May-2021 13:41:32.216 INFO [main] org.apache.catalina.startup.VersionLoggerListener.log CATALINA_BASE:         /opt/apache-tomcat-9.0.46
22-May-2021 13:41:32.216 INFO [main] org.apache.catalina.startup.VersionLoggerListener.log CATALINA_HOME:         /opt/apache-tomcat-9.0.46
22-May-2021 13:41:32.220 INFO [main] org.apache.catalina.startup.VersionLoggerListener.log Command line argument: -Djava.util.logging.config.file=/opt/tomcat/conf/logging.properties
22-May-2021 13:41:32.221 INFO [main] org.apache.catalina.startup.VersionLoggerListener.log Command line argument: -Djava.util.logging.manager=org.apache.juli.ClassLoaderLogManager
22-May-2021 13:41:32.222 INFO [main] org.apache.catalina.startup.VersionLoggerListener.log Command line argument: -Djdk.tls.ephemeralDHKeySize=2048
22-May-2021 13:41:32.222 INFO [main] org.apache.catalina.startup.VersionLoggerListener.log Command line argument: -Djava.protocol.handler.pkgs=org.apache.catalina.webresources
22-May-2021 13:41:32.222 INFO [main] org.apache.catalina.startup.VersionLoggerListener.log Command line argument: -Dorg.apache.catalina.security.SecurityListener.UMASK=0027
22-May-2021 13:41:32.222 INFO [main] org.apache.catalina.startup.VersionLoggerListener.log Command line argument: -Dignore.endorsed.dirs=
22-May-2021 13:41:32.222 INFO [main] org.apache.catalina.startup.VersionLoggerListener.log Command line argument: -Dcatalina.base=/opt/tomcat
22-May-2021 13:41:32.222 INFO [main] org.apache.catalina.startup.VersionLoggerListener.log Command line argument: -Dcatalina.home=/opt/tomcat
22-May-2021 13:41:32.227 INFO [main] org.apache.catalina.startup.VersionLoggerListener.log Command line argument: -Djava.io.tmpdir=/opt/tomcat/temp
22-May-2021 13:41:32.228 INFO [main] org.apache.catalina.core.AprLifecycleListener.lifecycleEvent The Apache Tomcat Native library which allows using OpenSSL was not found on the java.library.path: [/usr/java/packages/lib/amd64:/usr/lib64:/lib64:/lib:/usr/lib]
22-May-2021 13:41:33.773 INFO [main] org.apache.coyote.AbstractProtocol.init Initializing ProtocolHandler ["http-nio-8080"]
22-May-2021 13:41:33.906 INFO [main] org.apache.catalina.startup.Catalina.load Server initialization in [2398] milliseconds
22-May-2021 13:41:34.003 INFO [main] org.apache.catalina.core.StandardService.startInternal Starting service [Catalina]
22-May-2021 13:41:34.004 INFO [main] org.apache.catalina.core.StandardEngine.startInternal Starting Servlet engine: [Apache Tomcat/9.0.46]
22-May-2021 13:41:34.033 INFO [main] org.apache.catalina.startup.HostConfig.deployDirectory Deploying web application directory [/opt/apache-tomcat-9.0.46/webapps/ROOT]
22-May-2021 13:41:34.996 INFO [main] org.apache.catalina.startup.HostConfig.deployDirectory Deployment of web application directory [/opt/apache-tomcat-9.0.46/webapps/ROOT] has finished in [963] ms
22-May-2021 13:41:35.008 INFO [main] org.apache.coyote.AbstractProtocol.start Starting ProtocolHandler ["http-nio-8080"]
22-May-2021 13:41:35.061 INFO [main] org.apache.catalina.startup.Catalina.start Server startup in [1145] milliseconds
22-May-2021 13:43:33.497 INFO [main] org.apache.catalina.core.StandardServer.await A valid shutdown command was received via the shutdown port. Stopping the Server instance.
22-May-2021 13:43:33.501 INFO [main] org.apache.coyote.AbstractProtocol.pause Pausing ProtocolHandler ["http-nio-8080"]
22-May-2021 13:43:33.513 INFO [main] org.apache.catalina.core.StandardService.stopInternal Stopping service [Catalina]
22-May-2021 13:43:33.543 INFO [main] org.apache.coyote.AbstractProtocol.stop Stopping ProtocolHandler ["http-nio-8080"]
22-May-2021 13:43:33.571 INFO [main] org.apache.coyote.AbstractProtocol.destroy Destroying ProtocolHandler ["http-nio-8080"]
22-May-2021 13:56:04.598 INFO [main] org.apache.catalina.startup.VersionLoggerListener.log Server version name:   Apache Tomcat/9.0.46
22-May-2021 13:56:04.605 INFO [main] org.apache.catalina.startup.VersionLoggerListener.log Server built:          May 8 2021 17:35:52 UTC
22-May-2021 13:56:04.605 INFO [main] org.apache.catalina.startup.VersionLoggerListener.log Server version number: 9.0.46.0
22-May-2021 13:56:04.605 INFO [main] org.apache.catalina.startup.VersionLoggerListener.log OS Name:               Linux
22-May-2021 13:56:04.606 INFO [main] org.apache.catalina.startup.VersionLoggerListener.log OS Version:            4.15.0-141-generic
22-May-2021 13:56:04.606 INFO [main] org.apache.catalina.startup.VersionLoggerListener.log Architecture:          amd64
22-May-2021 13:56:04.606 INFO [main] org.apache.catalina.startup.VersionLoggerListener.log Java Home:             /usr/lib/jvm/jdk1.8.0_281/jre
22-May-2021 13:56:04.607 INFO [main] org.apache.catalina.startup.VersionLoggerListener.log JVM Version:           1.8.0_281-b09
22-May-2021 13:56:04.607 INFO [main] org.apache.catalina.startup.VersionLoggerListener.log JVM Vendor:            Oracle Corporation
22-May-2021 13:56:04.607 INFO [main] org.apache.catalina.startup.VersionLoggerListener.log CATALINA_BASE:         /opt/apache-tomcat-9.0.46
22-May-2021 13:56:04.607 INFO [main] org.apache.catalina.startup.VersionLoggerListener.log CATALINA_HOME:         /opt/apache-tomcat-9.0.46
22-May-2021 13:56:04.618 INFO [main] org.apache.catalina.startup.VersionLoggerListener.log Command line argument: -Djava.util.logging.config.file=/opt/tomcat/conf/logging.properties
22-May-2021 13:56:04.618 INFO [main] org.apache.catalina.startup.VersionLoggerListener.log Command line argument: -Djava.util.logging.manager=org.apache.juli.ClassLoaderLogManager
22-May-2021 13:56:04.619 INFO [main] org.apache.catalina.startup.VersionLoggerListener.log Command line argument: -Djdk.tls.ephemeralDHKeySize=2048
22-May-2021 13:56:04.619 INFO [main] org.apache.catalina.startup.VersionLoggerListener.log Command line argument: -Djava.protocol.handler.pkgs=org.apache.catalina.webresources
22-May-2021 13:56:04.619 INFO [main] org.apache.catalina.startup.VersionLoggerListener.log Command line argument: -Dorg.apache.catalina.security.SecurityListener.UMASK=0027
22-May-2021 13:56:04.619 INFO [main] org.apache.catalina.startup.VersionLoggerListener.log Command line argument: -Dignore.endorsed.dirs=
22-May-2021 13:56:04.619 INFO [main] org.apache.catalina.startup.VersionLoggerListener.log Command line argument: -Dcatalina.base=/opt/tomcat
22-May-2021 13:56:04.619 INFO [main] org.apache.catalina.startup.VersionLoggerListener.log Command line argument: -Dcatalina.home=/opt/tomcat
22-May-2021 13:56:04.619 INFO [main] org.apache.catalina.startup.VersionLoggerListener.log Command line argument: -Djava.io.tmpdir=/opt/tomcat/temp
22-May-2021 13:56:04.629 INFO [main] org.apache.catalina.core.AprLifecycleListener.lifecycleEvent The Apache Tomcat Native library which allows using OpenSSL was not found on the java.library.path: [/usr/java/packages/lib/amd64:/usr/lib64:/lib64:/lib:/usr/lib]
22-May-2021 13:56:06.151 INFO [main] org.apache.coyote.AbstractProtocol.init Initializing ProtocolHandler ["http-nio-8080"]
22-May-2021 13:56:06.290 INFO [main] org.apache.catalina.startup.Catalina.load Server initialization in [2385] milliseconds
22-May-2021 13:56:06.388 INFO [main] org.apache.catalina.core.StandardService.startInternal Starting service [Catalina]
22-May-2021 13:56:06.389 INFO [main] org.apache.catalina.core.StandardEngine.startInternal Starting Servlet engine: [Apache Tomcat/9.0.46]
22-May-2021 13:56:06.429 INFO [main] org.apache.catalina.startup.HostConfig.deployDirectory Deploying web application directory [/opt/apache-tomcat-9.0.46/webapps/ROOT]
22-May-2021 13:56:07.394 INFO [main] org.apache.catalina.startup.HostConfig.deployDirectory Deployment of web application directory [/opt/apache-tomcat-9.0.46/webapps/ROOT] has finished in [965] ms
22-May-2021 13:56:07.402 INFO [main] org.apache.coyote.AbstractProtocol.start Starting ProtocolHandler ["http-nio-8080"]
22-May-2021 13:56:07.424 INFO [main] org.apache.catalina.startup.Catalina.start Server startup in [1131] milliseconds
22-May-2021 13:57:07.826 INFO [main] org.apache.catalina.core.StandardServer.await A valid shutdown command was received via the shutdown port. Stopping the Server instance.
22-May-2021 13:57:07.838 INFO [main] org.apache.coyote.AbstractProtocol.pause Pausing ProtocolHandler ["http-nio-8080"]
22-May-2021 13:57:07.850 INFO [main] org.apache.catalina.core.StandardService.stopInternal Stopping service [Catalina]
22-May-2021 13:57:07.895 INFO [main] org.apache.coyote.AbstractProtocol.stop Stopping ProtocolHandler ["http-nio-8080"]
22-May-2021 13:57:07.906 INFO [main] org.apache.coyote.AbstractProtocol.destroy Destroying ProtocolHandler ["http-nio-8080"]
22-May-2021 13:57:18.001 INFO [main] org.apache.catalina.startup.VersionLoggerListener.log Server version name:   Apache Tomcat/9.0.46
22-May-2021 13:57:18.015 INFO [main] org.apache.catalina.startup.VersionLoggerListener.log Server built:          May 8 2021 17:35:52 UTC
22-May-2021 13:57:18.015 INFO [main] org.apache.catalina.startup.VersionLoggerListener.log Server version number: 9.0.46.0
22-May-2021 13:57:18.015 INFO [main] org.apache.catalina.startup.VersionLoggerListener.log OS Name:               Linux
22-May-2021 13:57:18.015 INFO [main] org.apache.catalina.startup.VersionLoggerListener.log OS Version:            4.15.0-141-generic
22-May-2021 13:57:18.015 INFO [main] org.apache.catalina.startup.VersionLoggerListener.log Architecture:          amd64
22-May-2021 13:57:18.015 INFO [main] org.apache.catalina.startup.VersionLoggerListener.log Java Home:             /usr/lib/jvm/jdk1.8.0_281/jre
22-May-2021 13:57:18.015 INFO [main] org.apache.catalina.startup.VersionLoggerListener.log JVM Version:           1.8.0_281-b09
22-May-2021 13:57:18.015 INFO [main] org.apache.catalina.startup.VersionLoggerListener.log JVM Vendor:            Oracle Corporation
22-May-2021 13:57:18.015 INFO [main] org.apache.catalina.startup.VersionLoggerListener.log CATALINA_BASE:         /opt/apache-tomcat-9.0.46
22-May-2021 13:57:18.015 INFO [main] org.apache.catalina.startup.VersionLoggerListener.log CATALINA_HOME:         /opt/apache-tomcat-9.0.46
22-May-2021 13:57:18.016 INFO [main] org.apache.catalina.startup.VersionLoggerListener.log Command line argument: -Djava.util.logging.config.file=/opt/tomcat/conf/logging.properties
22-May-2021 13:57:18.017 INFO [main] org.apache.catalina.startup.VersionLoggerListener.log Command line argument: -Djava.util.logging.manager=org.apache.juli.ClassLoaderLogManager
22-May-2021 13:57:18.017 INFO [main] org.apache.catalina.startup.VersionLoggerListener.log Command line argument: -Djdk.tls.ephemeralDHKeySize=2048
22-May-2021 13:57:18.017 INFO [main] org.apache.catalina.startup.VersionLoggerListener.log Command line argument: -Djava.protocol.handler.pkgs=org.apache.catalina.webresources
22-May-2021 13:57:18.018 INFO [main] org.apache.catalina.startup.VersionLoggerListener.log Command line argument: -Dorg.apache.catalina.security.SecurityListener.UMASK=0027
22-May-2021 13:57:18.018 INFO [main] org.apache.catalina.startup.VersionLoggerListener.log Command line argument: -Dignore.endorsed.dirs=
22-May-2021 13:57:18.018 INFO [main] org.apache.catalina.startup.VersionLoggerListener.log Command line argument: -Dcatalina.base=/opt/tomcat
22-May-2021 13:57:18.018 INFO [main] org.apache.catalina.startup.VersionLoggerListener.log Command line argument: -Dcatalina.home=/opt/tomcat
22-May-2021 13:57:18.019 INFO [main] org.apache.catalina.startup.VersionLoggerListener.log Command line argument: -Djava.io.tmpdir=/opt/tomcat/temp
22-May-2021 13:57:18.020 INFO [main] org.apache.catalina.core.AprLifecycleListener.lifecycleEvent The Apache Tomcat Native library which allows using OpenSSL was not found on the java.library.path: [/usr/java/packages/lib/amd64:/usr/lib64:/lib64:/lib:/usr/lib]
22-May-2021 13:57:19.505 INFO [main] org.apache.coyote.AbstractProtocol.init Initializing ProtocolHandler ["http-nio-8080"]
22-May-2021 13:57:19.615 INFO [main] org.apache.catalina.startup.Catalina.load Server initialization in [2282] milliseconds
22-May-2021 13:57:19.726 INFO [main] org.apache.catalina.core.StandardService.startInternal Starting service [Catalina]
22-May-2021 13:57:19.726 INFO [main] org.apache.catalina.core.StandardEngine.startInternal Starting Servlet engine: [Apache Tomcat/9.0.46]
22-May-2021 13:57:19.767 INFO [main] org.apache.catalina.startup.HostConfig.deployDirectory Deploying web application directory [/opt/apache-tomcat-9.0.46/webapps/ROOT]
22-May-2021 13:57:20.686 INFO [main] org.apache.catalina.startup.HostConfig.deployDirectory Deployment of web application directory [/opt/apache-tomcat-9.0.46/webapps/ROOT] has finished in [918] ms
22-May-2021 13:57:20.696 INFO [main] org.apache.coyote.AbstractProtocol.start Starting ProtocolHandler ["http-nio-8080"]
22-May-2021 13:57:20.743 INFO [main] org.apache.catalina.startup.Catalina.start Server startup in [1126] milliseconds
22-May-2021 14:06:10.851 INFO [Catalina-utility-2] org.apache.catalina.users.MemoryUserDatabase.backgroundProcess Reloading memory user database [UserDatabase] from updated source [file:/opt/apache-tomcat-9.0.46/conf/tomcat-users.xml]
22-May-2021 14:06:10.858 SEVERE [Catalina-utility-2] org.apache.catalina.users.MemoryUserDatabase.open The specified user database [conf/tomcat-users.xml] could not be found
22-May-2021 14:06:11.359 INFO [Catalina-utility-2] org.apache.catalina.startup.HostConfig.undeploy Undeploying context []
22-May-2021 14:06:11.375 WARNING [Catalina-utility-2] org.apache.catalina.loader.WebappClassLoaderBase.clearReferencesJdbc JDBC driver de-registration failed for web application [ROOT]
	java.lang.NullPointerException
		at org.apache.catalina.loader.WebappClassLoaderBase.clearReferencesJdbc(WebappClassLoaderBase.java:1680)
		at org.apache.catalina.loader.WebappClassLoaderBase.clearReferences(WebappClassLoaderBase.java:1618)
		at org.apache.catalina.loader.WebappClassLoaderBase.stop(WebappClassLoaderBase.java:1554)
		at org.apache.catalina.loader.WebappLoader.stopInternal(WebappLoader.java:461)
		at org.apache.catalina.util.LifecycleBase.stop(LifecycleBase.java:257)
		at org.apache.catalina.core.StandardContext.stopInternal(StandardContext.java:5454)
		at org.apache.catalina.util.LifecycleBase.stop(LifecycleBase.java:257)
		at org.apache.catalina.core.ContainerBase.removeChild(ContainerBase.java:805)
		at org.apache.catalina.startup.HostConfig.undeploy(HostConfig.java:1460)
		at org.apache.catalina.startup.HostConfig.checkResources(HostConfig.java:1387)
		at org.apache.catalina.startup.HostConfig.check(HostConfig.java:1647)
		at org.apache.catalina.startup.HostConfig.lifecycleEvent(HostConfig.java:315)
		at org.apache.catalina.util.LifecycleBase.fireLifecycleEvent(LifecycleBase.java:123)
		at org.apache.catalina.core.ContainerBase.backgroundProcess(ContainerBase.java:1151)
		at org.apache.catalina.core.ContainerBase$ContainerBackgroundProcessor.processChildren(ContainerBase.java:1353)
		at org.apache.catalina.core.ContainerBase$ContainerBackgroundProcessor.processChildren(ContainerBase.java:1357)
		at org.apache.catalina.core.ContainerBase$ContainerBackgroundProcessor.run(ContainerBase.java:1335)
		at java.util.concurrent.Executors$RunnableAdapter.call(Executors.java:511)
		at java.util.concurrent.FutureTask.runAndReset(FutureTask.java:308)
		at java.util.concurrent.ScheduledThreadPoolExecutor$ScheduledFutureTask.access$301(ScheduledThreadPoolExecutor.java:180)
		at java.util.concurrent.ScheduledThreadPoolExecutor$ScheduledFutureTask.run(ScheduledThreadPoolExecutor.java:294)
		at java.util.concurrent.ThreadPoolExecutor.runWorker(ThreadPoolExecutor.java:1149)
		at java.util.concurrent.ThreadPoolExecutor$Worker.run(ThreadPoolExecutor.java:624)
		at org.apache.tomcat.util.threads.TaskThread$WrappingRunnable.run(TaskThread.java:61)
		at java.lang.Thread.run(Thread.java:748)
                                                                                                                                                                                                                                                                                                                                                                                                                                                                                                                                                                                                                                                                                                                                                                                                                                                                                                                                                                                                                                                                                                                                                                                                                                                                                                                                                                                                                                                                                                                                                                                                                                                                                                                                                                                                                                                                                                                                                                                                                                                                                                                                                                                                                                                                                                                                                                                                                                              22-May-2021 14:22:40.176 INFO [main] org.apache.catalina.startup.VersionLoggerListener.log Server version name:   Apache Tomcat/9.0.46
22-May-2021 14:22:40.187 INFO [main] org.apache.catalina.startup.VersionLoggerListener.log Server built:          May 8 2021 17:35:52 UTC
22-May-2021 14:22:40.187 INFO [main] org.apache.catalina.startup.VersionLoggerListener.log Server version number: 9.0.46.0
22-May-2021 14:22:40.188 INFO [main] org.apache.catalina.startup.VersionLoggerListener.log OS Name:               Linux
22-May-2021 14:22:40.188 INFO [main] org.apache.catalina.startup.VersionLoggerListener.log OS Version:            4.15.0-141-generic
22-May-2021 14:22:40.188 INFO [main] org.apache.catalina.startup.VersionLoggerListener.log Architecture:          amd64
22-May-2021 14:22:40.188 INFO [main] org.apache.catalina.startup.VersionLoggerListener.log Java Home:             /opt/Web/jdk/jre
22-May-2021 14:22:40.188 INFO [main] org.apache.catalina.startup.VersionLoggerListener.log JVM Version:           1.8.0_281-b09
22-May-2021 14:22:40.188 INFO [main] org.apache.catalina.startup.VersionLoggerListener.log JVM Vendor:            Oracle Corporation
22-May-2021 14:22:40.188 INFO [main] org.apache.catalina.startup.VersionLoggerListener.log CATALINA_BASE:         /opt/Web/tomcat
22-May-2021 14:22:40.188 INFO [main] org.apache.catalina.startup.VersionLoggerListener.log CATALINA_HOME:         /opt/Web/tomcat
22-May-2021 14:22:40.198 INFO [main] org.apache.catalina.startup.VersionLoggerListener.log Command line argument: -Djava.util.logging.config.file=/opt/Web/tomcat/conf/logging.properties
22-May-2021 14:22:40.199 INFO [main] org.apache.catalina.startup.VersionLoggerListener.log Command line argument: -Djava.util.logging.manager=org.apache.juli.ClassLoaderLogManager
22-May-2021 14:22:40.199 INFO [main] org.apache.catalina.startup.VersionLoggerListener.log Command line argument: -Djdk.tls.ephemeralDHKeySize=2048
22-May-2021 14:22:40.199 INFO [main] org.apache.catalina.startup.VersionLoggerListener.log Command line argument: -Djava.protocol.handler.pkgs=org.apache.catalina.webresources
22-May-2021 14:22:40.199 INFO [main] org.apache.catalina.startup.VersionLoggerListener.log Command line argument: -Dorg.apache.catalina.security.SecurityListener.UMASK=0027
22-May-2021 14:22:40.199 INFO [main] org.apache.catalina.startup.VersionLoggerListener.log Command line argument: -Dignore.endorsed.dirs=
22-May-2021 14:22:40.199 INFO [main] org.apache.catalina.startup.VersionLoggerListener.log Command line argument: -Dcatalina.base=/opt/Web/tomcat
22-May-2021 14:22:40.199 INFO [main] org.apache.catalina.startup.VersionLoggerListener.log Command line argument: -Dcatalina.home=/opt/Web/tomcat
22-May-2021 14:22:40.199 INFO [main] org.apache.catalina.startup.VersionLoggerListener.log Command line argument: -Djava.io.tmpdir=/opt/Web/tomcat/temp
22-May-2021 14:22:40.205 INFO [main] org.apache.catalina.core.AprLifecycleListener.lifecycleEvent The Apache Tomcat Native library which allows using OpenSSL was not found on the java.library.path: [/usr/java/packages/lib/amd64:/usr/lib64:/lib64:/lib:/usr/lib]
22-May-2021 14:22:41.432 INFO [main] org.apache.coyote.AbstractProtocol.init Initializing ProtocolHandler ["http-nio-8080"]
22-May-2021 14:22:41.531 INFO [main] org.apache.catalina.startup.Catalina.load Server initialization in [1892] milliseconds
22-May-2021 14:22:41.602 INFO [main] org.apache.catalina.core.StandardService.startInternal Starting service [Catalina]
22-May-2021 14:22:41.604 INFO [main] org.apache.catalina.core.StandardEngine.startInternal Starting Servlet engine: [Apache Tomcat/9.0.46]
22-May-2021 14:22:41.632 INFO [main] org.apache.catalina.startup.HostConfig.deployDirectory Deploying web application directory [/opt/Web/tomcat/webapps/ROOT]
22-May-2021 14:22:42.349 INFO [main] org.apache.catalina.startup.HostConfig.deployDirectory Deployment of web application directory [/opt/Web/tomcat/webapps/ROOT] has finished in [716] ms
22-May-2021 14:22:42.357 INFO [main] org.apache.coyote.AbstractProtocol.start Starting ProtocolHandler ["http-nio-8080"]
22-May-2021 14:22:42.421 INFO [main] org.apache.catalina.startup.Catalina.start Server startup in [888] milliseconds
22-May-2021 14:24:21.941 INFO [main] org.apache.catalina.core.StandardServer.await A valid shutdown command was received via the shutdown port. Stopping the Server instance.
22-May-2021 14:24:21.943 INFO [main] org.apache.coyote.AbstractProtocol.pause Pausing ProtocolHandler ["http-nio-8080"]
22-May-2021 14:24:21.966 INFO [main] org.apache.catalina.core.StandardService.stopInternal Stopping service [Catalina]
22-May-2021 14:24:22.005 INFO [main] org.apache.coyote.AbstractProtocol.stop Stopping ProtocolHandler ["http-nio-8080"]
22-May-2021 14:24:22.017 INFO [main] org.apache.coyote.AbstractProtocol.destroy Destroying ProtocolHandler ["http-nio-8080"]
22-May-2021 14:40:37.806 INFO [main] org.apache.catalina.startup.VersionLoggerListener.log Server version name:   Apache Tomcat/9.0.46
22-May-2021 14:40:37.813 INFO [main] org.apache.catalina.startup.VersionLoggerListener.log Server built:          May 8 2021 17:35:52 UTC
22-May-2021 14:40:37.813 INFO [main] org.apache.catalina.startup.VersionLoggerListener.log Server version number: 9.0.46.0
22-May-2021 14:40:37.814 INFO [main] org.apache.catalina.startup.VersionLoggerListener.log OS Name:               Linux
22-May-2021 14:40:37.814 INFO [main] org.apache.catalina.startup.VersionLoggerListener.log OS Version:            4.15.0-141-generic
22-May-2021 14:40:37.814 INFO [main] org.apache.catalina.startup.VersionLoggerListener.log Architecture:          amd64
22-May-2021 14:40:37.814 INFO [main] org.apache.catalina.startup.VersionLoggerListener.log Java Home:             /opt/Web/jdk/jre
22-May-2021 14:40:37.814 INFO [main] org.apache.catalina.startup.VersionLoggerListener.log JVM Version:           1.8.0_281-b09
22-May-2021 14:40:37.814 INFO [main] org.apache.catalina.startup.VersionLoggerListener.log JVM Vendor:            Oracle Corporation
22-May-2021 14:40:37.814 INFO [main] org.apache.catalina.startup.VersionLoggerListener.log CATALINA_BASE:         /opt/Web/tomcat
22-May-2021 14:40:37.814 INFO [main] org.apache.catalina.startup.VersionLoggerListener.log CATALINA_HOME:         /opt/Web/tomcat
22-May-2021 14:40:37.824 INFO [main] org.apache.catalina.startup.VersionLoggerListener.log Command line argument: -Djava.util.logging.config.file=/opt/Web/tomcat/conf/logging.properties
22-May-2021 14:40:37.824 INFO [main] org.apache.catalina.startup.VersionLoggerListener.log Command line argument: -Djava.util.logging.manager=org.apache.juli.ClassLoaderLogManager
22-May-2021 14:40:37.824 INFO [main] org.apache.catalina.startup.VersionLoggerListener.log Command line argument: -Djdk.tls.ephemeralDHKeySize=2048
22-May-2021 14:40:37.824 INFO [main] org.apache.catalina.startup.VersionLoggerListener.log Command line argument: -Djava.protocol.handler.pkgs=org.apache.catalina.webresources
22-May-2021 14:40:37.825 INFO [main] org.apache.catalina.startup.VersionLoggerListener.log Command line argument: -Dorg.apache.catalina.security.SecurityListener.UMASK=0027
22-May-2021 14:40:37.825 INFO [main] org.apache.catalina.startup.VersionLoggerListener.log Command line argument: -Dignore.endorsed.dirs=
22-May-2021 14:40:37.825 INFO [main] org.apache.catalina.startup.VersionLoggerListener.log Command line argument: -Dcatalina.base=/opt/Web/tomcat
22-May-2021 14:40:37.825 INFO [main] org.apache.catalina.startup.VersionLoggerListener.log Command line argument: -Dcatalina.home=/opt/Web/tomcat
22-May-2021 14:40:37.825 INFO [main] org.apache.catalina.startup.VersionLoggerListener.log Command line argument: -Djava.io.tmpdir=/opt/Web/tomcat/temp
22-May-2021 14:40:37.833 INFO [main] org.apache.catalina.core.AprLifecycleListener.lifecycleEvent The Apache Tomcat Native library which allows using OpenSSL was not found on the java.library.path: [/usr/java/packages/lib/amd64:/usr/lib64:/lib64:/lib:/usr/lib]
22-May-2021 14:40:39.026 INFO [main] org.apache.coyote.AbstractProtocol.init Initializing ProtocolHandler ["http-nio-8080"]
22-May-2021 14:40:39.114 INFO [main] org.apache.catalina.startup.Catalina.load Server initialization in [1827] milliseconds
22-May-2021 14:40:39.188 INFO [main] org.apache.catalina.core.StandardService.startInternal Starting service [Catalina]
22-May-2021 14:40:39.189 INFO [main] org.apache.catalina.core.StandardEngine.startInternal Starting Servlet engine: [Apache Tomcat/9.0.46]
22-May-2021 14:40:39.217 INFO [main] org.apache.catalina.startup.HostConfig.deployDirectory Deploying web application directory [/opt/Web/tomcat/webapps/ROOT]
22-May-2021 14:40:39.927 INFO [main] org.apache.catalina.startup.HostConfig.deployDirectory Deployment of web application directory [/opt/Web/tomcat/webapps/ROOT] has finished in [709] ms
22-May-2021 14:40:39.934 INFO [main] org.apache.coyote.AbstractProtocol.start Starting ProtocolHandler ["http-nio-8080"]
22-May-2021 14:40:39.955 INFO [main] org.apache.catalina.startup.Catalina.start Server startup in [839] milliseconds
22-May-2021 14:41:21.973 INFO [main] org.apache.catalina.core.StandardServer.await A valid shutdown command was received via the shutdown port. Stopping the Server instance.
22-May-2021 14:41:21.976 INFO [main] org.apache.coyote.AbstractProtocol.pause Pausing ProtocolHandler ["http-nio-8080"]
22-May-2021 14:41:21.988 INFO [main] org.apache.catalina.core.StandardService.stopInternal Stopping service [Catalina]
22-May-2021 14:41:22.030 INFO [main] org.apache.coyote.AbstractProtocol.stop Stopping ProtocolHandler ["http-nio-8080"]
22-May-2021 14:41:22.042 INFO [main] org.apache.coyote.AbstractProtocol.destroy Destroying ProtocolHandler ["http-nio-8080"]
22-May-2021 14:44:41.801 INFO [main] org.apache.catalina.startup.VersionLoggerListener.log Server version name:   Apache Tomcat/9.0.46
22-May-2021 14:44:41.809 INFO [main] org.apache.catalina.startup.VersionLoggerListener.log Server built:          May 8 2021 17:35:52 UTC
22-May-2021 14:44:41.809 INFO [main] org.apache.catalina.startup.VersionLoggerListener.log Server version number: 9.0.46.0
22-May-2021 14:44:41.809 INFO [main] org.apache.catalina.startup.VersionLoggerListener.log OS Name:               Linux
22-May-2021 14:44:41.810 INFO [main] org.apache.catalina.startup.VersionLoggerListener.log OS Version:            4.15.0-141-generic
22-May-2021 14:44:41.810 INFO [main] org.apache.catalina.startup.VersionLoggerListener.log Architecture:          amd64
22-May-2021 14:44:41.810 INFO [main] org.apache.catalina.startup.VersionLoggerListener.log Java Home:             /opt/Web/jdk/jre
22-May-2021 14:44:41.810 INFO [main] org.apache.catalina.startup.VersionLoggerListener.log JVM Version:           1.8.0_281-b09
22-May-2021 14:44:41.810 INFO [main] org.apache.catalina.startup.VersionLoggerListener.log JVM Vendor:            Oracle Corporation
22-May-2021 14:44:41.810 INFO [main] org.apache.catalina.startup.VersionLoggerListener.log CATALINA_BASE:         /opt/Web/tomcat
22-May-2021 14:44:41.810 INFO [main] org.apache.catalina.startup.VersionLoggerListener.log CATALINA_HOME:         /opt/Web/tomcat
22-May-2021 14:44:41.816 INFO [main] org.apache.catalina.startup.VersionLoggerListener.log Command line argument: -Djava.util.logging.config.file=/opt/Web/tomcat/conf/logging.properties
22-May-2021 14:44:41.816 INFO [main] org.apache.catalina.startup.VersionLoggerListener.log Command line argument: -Djava.util.logging.manager=org.apache.juli.ClassLoaderLogManager
22-May-2021 14:44:41.816 INFO [main] org.apache.catalina.startup.VersionLoggerListener.log Command line argument: -Djdk.tls.ephemeralDHKeySize=2048
22-May-2021 14:44:41.816 INFO [main] org.apache.catalina.startup.VersionLoggerListener.log Command line argument: -Djava.protocol.handler.pkgs=org.apache.catalina.webresources
22-May-2021 14:44:41.817 INFO [main] org.apache.catalina.startup.VersionLoggerListener.log Command line argument: -Dorg.apache.catalina.security.SecurityListener.UMASK=0027
22-May-2021 14:44:41.817 INFO [main] org.apache.catalina.startup.VersionLoggerListener.log Command line argument: -Dignore.endorsed.dirs=
22-May-2021 14:44:41.817 INFO [main] org.apache.catalina.startup.VersionLoggerListener.log Command line argument: -Dcatalina.base=/opt/Web/tomcat
22-May-2021 14:44:41.817 INFO [main] org.apache.catalina.startup.VersionLoggerListener.log Command line argument: -Dcatalina.home=/opt/Web/tomcat
22-May-2021 14:44:41.818 INFO [main] org.apache.catalina.startup.VersionLoggerListener.log Command line argument: -Djava.io.tmpdir=/opt/Web/tomcat/temp
22-May-2021 14:44:41.825 INFO [main] org.apache.catalina.core.AprLifecycleListener.lifecycleEvent The Apache Tomcat Native library which allows using OpenSSL was not found on the java.library.path: [/usr/java/packages/lib/amd64:/usr/lib64:/lib64:/lib:/usr/lib]
22-May-2021 14:44:43.426 INFO [main] org.apache.coyote.AbstractProtocol.init Initializing ProtocolHandler ["http-nio-8080"]
22-May-2021 14:44:43.549 INFO [main] org.apache.catalina.startup.Catalina.load Server initialization in [2546] milliseconds
22-May-2021 14:44:43.638 INFO [main] org.apache.catalina.core.StandardService.startInternal Starting service [Catalina]
22-May-2021 14:44:43.646 INFO [main] org.apache.catalina.core.StandardEngine.startInternal Starting Servlet engine: [Apache Tomcat/9.0.46]
22-May-2021 14:44:43.682 INFO [main] org.apache.catalina.startup.HostConfig.deployDirectory Deploying web application directory [/opt/Web/tomcat/webapps/ROOT]
22-May-2021 14:44:44.707 INFO [main] org.apache.catalina.startup.HostConfig.deployDirectory Deployment of web application directory [/opt/Web/tomcat/webapps/ROOT] has finished in [1,020] ms
22-May-2021 14:44:44.718 INFO [main] org.apache.coyote.AbstractProtocol.start Starting ProtocolHandler ["http-nio-8080"]
22-May-2021 14:44:44.751 INFO [main] org.apache.catalina.startup.Catalina.start Server startup in [1200] milliseconds
22-May-2021 14:45:19.156 INFO [main] org.apache.catalina.core.StandardServer.await A valid shutdown command was received via the shutdown port. Stopping the Server instance.
22-May-2021 14:45:19.159 INFO [main] org.apache.coyote.AbstractProtocol.pause Pausing ProtocolHandler ["http-nio-8080"]
22-May-2021 14:45:19.170 INFO [main] org.apache.catalina.core.StandardService.stopInternal Stopping service [Catalina]
22-May-2021 14:45:19.218 INFO [main] org.apache.coyote.AbstractProtocol.stop Stopping ProtocolHandler ["http-nio-8080"]
22-May-2021 14:45:19.225 INFO [main] org.apache.coyote.AbstractProtocol.destroy Destroying ProtocolHandler ["http-nio-8080"]
